

Processing TicketsController#index (for 127.0.0.1 at 2009-07-24 21:04:41) [GET]
  [4;36;1mTicket Load (0.0ms)[0m   [0;1mSQLite3::SQLException: no such table: tickets: SELECT * FROM "tickets" [0m

ActiveRecord::StatementInvalid (SQLite3::SQLException: no such table: tickets: SELECT * FROM "tickets" ):
  app/controllers/tickets_controller.rb:5:in `index'
  C:/Ruby/lib/ruby/1.8/webrick/httpserver.rb:104:in `service'
  C:/Ruby/lib/ruby/1.8/webrick/httpserver.rb:65:in `run'
  C:/Ruby/lib/ruby/1.8/webrick/server.rb:173:in `start_thread'
  C:/Ruby/lib/ruby/1.8/webrick/server.rb:162:in `start'
  C:/Ruby/lib/ruby/1.8/webrick/server.rb:162:in `start_thread'
  C:/Ruby/lib/ruby/1.8/webrick/server.rb:95:in `start'
  C:/Ruby/lib/ruby/1.8/webrick/server.rb:92:in `each'
  C:/Ruby/lib/ruby/1.8/webrick/server.rb:92:in `start'
  C:/Ruby/lib/ruby/1.8/webrick/server.rb:23:in `start'
  C:/Ruby/lib/ruby/1.8/webrick/server.rb:82:in `start'

Rendered rescues/_trace (188.0ms)
Rendered rescues/_request_and_response (0.0ms)
Rendering rescues/layout (internal_server_error)
  [4;36;1mSQL (0.0ms)[0m   [0;1m SELECT name
 FROM sqlite_master
 WHERE type = 'table' AND NOT name = 'sqlite_sequence'
[0m
  [4;35;1mSQL (0.0ms)[0m   [0mselect sqlite_version(*)[0m
  [4;36;1mSQL (46.0ms)[0m   [0;1mCREATE TABLE "schema_migrations" ("version" varchar(255) NOT NULL) [0m
  [4;35;1mSQL (31.0ms)[0m   [0mCREATE UNIQUE INDEX "unique_schema_migrations" ON "schema_migrations" ("version")[0m
  [4;36;1mSQL (0.0ms)[0m   [0;1m SELECT name
 FROM sqlite_master
 WHERE type = 'table' AND NOT name = 'sqlite_sequence'
[0m
  [4;35;1mSQL (0.0ms)[0m   [0mSELECT version FROM schema_migrations[0m
Migrating to CreateTickets (20090724130423)
  [4;36;1mSQL (0.0ms)[0m   [0;1mCREATE TABLE "tickets" ("id" INTEGER PRIMARY KEY AUTOINCREMENT NOT NULL, "name" varchar(255), "seat_id" varchar(255), "address" text, "price" decimal, "email" varchar(255), "created_at" datetime, "updated_at" datetime) [0m
  [4;35;1mSQL (0.0ms)[0m   [0mINSERT INTO schema_migrations (version) VALUES ('20090724130423')[0m
  [4;36;1mSQL (0.0ms)[0m   [0;1m SELECT name
 FROM sqlite_master
 WHERE type = 'table' AND NOT name = 'sqlite_sequence'
[0m
  [4;35;1mSQL (0.0ms)[0m   [0mSELECT version FROM schema_migrations[0m
  [4;36;1mSQL (0.0ms)[0m   [0;1m SELECT name
 FROM sqlite_master
 WHERE type = 'table' AND NOT name = 'sqlite_sequence'
[0m
  [4;35;1mSQL (0.0ms)[0m   [0mPRAGMA index_list("tickets")[0m


Processing TicketsController#index (for 127.0.0.1 at 2009-07-24 21:05:05) [GET]
  [4;35;1mTicket Load (0.0ms)[0m   [0mSELECT * FROM "tickets" [0m
Rendering template within layouts/tickets
Rendering tickets/index
Completed in 359ms (View: 359, DB: 0) | 200 OK [http://localhost/tickets]


Processing TicketsController#new (for 127.0.0.1 at 2009-07-24 21:05:17) [GET]
Rendering template within layouts/tickets
Rendering tickets/new
Completed in 94ms (View: 63, DB: 0) | 200 OK [http://localhost/tickets/new]


Processing TicketsController#create (for 127.0.0.1 at 2009-07-24 21:05:55) [POST]
  Parameters: {"ticket"=>{"name"=>"Fauziah Mafoz", "price"=>"250.40", "seat_id"=>"1", "address"=>"Seksyen 5 \r\nBandar Baru Bangi", "email"=>"fauzia@yahoo.com"}, "commit"=>"Create", "authenticity_token"=>"bMvQEyHtNQaeZjzBpPHQdcdzSEecNlzBGOGAraUpKUQ="}
  [4;36;1mTicket Create (0.0ms)[0m   [0;1mINSERT INTO "tickets" ("name", "updated_at", "price", "seat_id", "address", "email", "created_at") VALUES('Fauziah Mafoz', '2009-07-24 13:05:55', 250.4, '1', 'Seksyen 5 
Bandar Baru Bangi', 'fauzia@yahoo.com', '2009-07-24 13:05:55')[0m
Redirected to http://localhost:3000/tickets/1
Completed in 156ms (DB: 0) | 302 Found [http://localhost/tickets]


Processing TicketsController#show (for 127.0.0.1 at 2009-07-24 21:05:55) [GET]
  Parameters: {"id"=>"1"}
  [4;35;1mTicket Load (0.0ms)[0m   [0mSELECT * FROM "tickets" WHERE ("tickets"."id" = 1) [0m
Rendering template within layouts/tickets
Rendering tickets/show
Completed in 125ms (View: 109, DB: 0) | 200 OK [http://localhost/tickets/1]


Processing TicketsController#index (for 127.0.0.1 at 2009-07-24 21:05:59) [GET]
  [4;36;1mTicket Load (0.0ms)[0m   [0;1mSELECT * FROM "tickets" [0m
Rendering template within layouts/tickets
Rendering tickets/index
Completed in 62ms (View: 31, DB: 0) | 200 OK [http://localhost/tickets]


Processing TicketsController#new (for 127.0.0.1 at 2009-07-24 21:06:01) [GET]
Rendering template within layouts/tickets
Rendering tickets/new
Completed in 32ms (View: 16, DB: 0) | 200 OK [http://localhost/tickets/new]


Processing TicketsController#create (for 127.0.0.1 at 2009-07-24 21:06:30) [POST]
  Parameters: {"ticket"=>{"name"=>"Rohana Ahmad", "price"=>"109.11", "seat_id"=>"2", "address"=>"Kajang Selangor", "email"=>"rohana@gmail.com"}, "commit"=>"Create", "authenticity_token"=>"bMvQEyHtNQaeZjzBpPHQdcdzSEecNlzBGOGAraUpKUQ="}
  [4;35;1mTicket Create (0.0ms)[0m   [0mINSERT INTO "tickets" ("name", "updated_at", "price", "seat_id", "address", "email", "created_at") VALUES('Rohana Ahmad', '2009-07-24 13:06:30', 109.11, '2', 'Kajang Selangor', 'rohana@gmail.com', '2009-07-24 13:06:30')[0m
Redirected to http://localhost:3000/tickets/2
Completed in 109ms (DB: 0) | 302 Found [http://localhost/tickets]


Processing TicketsController#show (for 127.0.0.1 at 2009-07-24 21:06:31) [GET]
  Parameters: {"id"=>"2"}
  [4;36;1mTicket Load (16.0ms)[0m   [0;1mSELECT * FROM "tickets" WHERE ("tickets"."id" = 2) [0m
Rendering template within layouts/tickets
Rendering tickets/show
Completed in 16ms (View: 0, DB: 16) | 200 OK [http://localhost/tickets/2]


Processing TicketsController#index (for 127.0.0.1 at 2009-07-24 21:06:35) [GET]
  [4;35;1mTicket Load (0.0ms)[0m   [0mSELECT * FROM "tickets" [0m
Rendering template within layouts/tickets
Rendering tickets/index
Completed in 62ms (View: 31, DB: 0) | 200 OK [http://localhost/tickets]


Processing TicketsController#index (for 127.0.0.1 at 2009-07-24 21:10:22) [GET]
  [4;36;1mTicket Load (0.0ms)[0m   [0;1mSELECT * FROM "tickets" [0m
Rendering template within layouts/tickets
Rendering tickets/index
Completed in 62ms (View: 31, DB: 0) | 200 OK [http://localhost/tickets]
  [4;36;1mSQL (0.0ms)[0m   [0;1m SELECT name
 FROM sqlite_master
 WHERE type = 'table' AND NOT name = 'sqlite_sequence'
[0m
  [4;35;1mSQL (0.0ms)[0m   [0mSELECT version FROM schema_migrations[0m
Migrating to CreateTickets (20090724130423)
Migrating to AddPhoneToTickets (20090724131156)
  [4;36;1mSQL (0.0ms)[0m   [0;1mselect sqlite_version(*)[0m
  [4;35;1mSQL (16.0ms)[0m   [0mALTER TABLE "tickets" ADD "phone" varchar(255)[0m
  [4;36;1mSQL (0.0ms)[0m   [0;1mINSERT INTO schema_migrations (version) VALUES ('20090724131156')[0m
  [4;35;1mSQL (0.0ms)[0m   [0m SELECT name
 FROM sqlite_master
 WHERE type = 'table' AND NOT name = 'sqlite_sequence'
[0m
  [4;36;1mSQL (0.0ms)[0m   [0;1mSELECT version FROM schema_migrations[0m
  [4;35;1mSQL (0.0ms)[0m   [0m SELECT name
 FROM sqlite_master
 WHERE type = 'table' AND NOT name = 'sqlite_sequence'
[0m
  [4;36;1mSQL (0.0ms)[0m   [0;1mPRAGMA index_list("tickets")[0m


Processing TicketsController#index (for 127.0.0.1 at 2009-07-24 21:12:27) [GET]
  [4;35;1mTicket Load (0.0ms)[0m   [0mSELECT * FROM "tickets" [0m
Rendering template within layouts/tickets
Rendering tickets/index
Completed in 62ms (View: 31, DB: 0) | 200 OK [http://localhost/tickets]


Processing TicketsController#index (for 127.0.0.1 at 2009-07-24 21:15:39) [GET]
  [4;36;1mTicket Load (0.0ms)[0m   [0;1mSELECT * FROM "tickets" [0m
Rendering template within layouts/tickets
Rendering tickets/index
Completed in 62ms (View: 31, DB: 0) | 200 OK [http://localhost/tickets]


Processing TicketsController#show (for 127.0.0.1 at 2009-07-24 21:15:44) [GET]
  Parameters: {"id"=>"1"}
  [4;35;1mTicket Load (0.0ms)[0m   [0mSELECT * FROM "tickets" WHERE ("tickets"."id" = 1) [0m
Rendering template within layouts/tickets
Rendering tickets/show
Completed in 78ms (View: 47, DB: 0) | 200 OK [http://localhost/tickets/1]


Processing TicketsController#edit (for 127.0.0.1 at 2009-07-24 21:15:48) [GET]
  Parameters: {"id"=>"1"}
  [4;36;1mTicket Load (0.0ms)[0m   [0;1mSELECT * FROM "tickets" WHERE ("tickets"."id" = 1) [0m
Rendering template within layouts/tickets
Rendering tickets/edit
Completed in 62ms (View: 16, DB: 0) | 200 OK [http://localhost/tickets/1/edit]


Processing TicketsController#update (for 127.0.0.1 at 2009-07-24 21:16:00) [PUT]
  Parameters: {"ticket"=>{"name"=>"Fauziah Mafoz", "price"=>"250.4", "seat_id"=>"1", "phone"=>"012345678", "address"=>"Seksyen 5 \r\nBandar Baru Bangi", "email"=>"fauzia@yahoo.com"}, "commit"=>"Update", "authenticity_token"=>"bMvQEyHtNQaeZjzBpPHQdcdzSEecNlzBGOGAraUpKUQ=", "id"=>"1"}
  [4;35;1mTicket Load (0.0ms)[0m   [0mSELECT * FROM "tickets" WHERE ("tickets"."id" = 1) [0m
  [4;36;1mTicket Update (16.0ms)[0m   [0;1mUPDATE "tickets" SET "phone" = '012345678', "updated_at" = '2009-07-24 13:16:00' WHERE "id" = 1[0m
Redirected to http://localhost:3000/tickets/1
Completed in 110ms (DB: 16) | 302 Found [http://localhost/tickets/1]


Processing TicketsController#show (for 127.0.0.1 at 2009-07-24 21:16:00) [GET]
  Parameters: {"id"=>"1"}
  [4;35;1mTicket Load (0.0ms)[0m   [0mSELECT * FROM "tickets" WHERE ("tickets"."id" = 1) [0m
Rendering template within layouts/tickets
Rendering tickets/show
Completed in 31ms (View: 15, DB: 0) | 200 OK [http://localhost/tickets/1]


Processing TicketsController#index (for 127.0.0.1 at 2009-07-24 21:16:03) [GET]
  [4;36;1mTicket Load (15.0ms)[0m   [0;1mSELECT * FROM "tickets" [0m
Rendering template within layouts/tickets
Rendering tickets/index
Completed in 63ms (View: 32, DB: 15) | 200 OK [http://localhost/tickets]


Processing TicketsController#show (for 127.0.0.1 at 2009-07-24 21:16:06) [GET]
  Parameters: {"id"=>"2"}
  [4;35;1mTicket Load (0.0ms)[0m   [0mSELECT * FROM "tickets" WHERE ("tickets"."id" = 2) [0m
Rendering template within layouts/tickets
Rendering tickets/show
Completed in 63ms (View: 16, DB: 0) | 200 OK [http://localhost/tickets/2]


Processing TicketsController#edit (for 127.0.0.1 at 2009-07-24 21:16:08) [GET]
  Parameters: {"id"=>"2"}
  [4;36;1mTicket Load (0.0ms)[0m   [0;1mSELECT * FROM "tickets" WHERE ("tickets"."id" = 2) [0m
Rendering template within layouts/tickets
Rendering tickets/edit
Completed in 62ms (View: 31, DB: 0) | 200 OK [http://localhost/tickets/2/edit]


Processing TicketsController#update (for 127.0.0.1 at 2009-07-24 21:16:18) [PUT]
  Parameters: {"ticket"=>{"name"=>"Rohana Ahmad", "price"=>"109.11", "seat_id"=>"2", "phone"=>"017334456", "address"=>"Kajang Selangor", "email"=>"rohana@gmail.com"}, "commit"=>"Update", "authenticity_token"=>"bMvQEyHtNQaeZjzBpPHQdcdzSEecNlzBGOGAraUpKUQ=", "id"=>"2"}
  [4;35;1mTicket Load (0.0ms)[0m   [0mSELECT * FROM "tickets" WHERE ("tickets"."id" = 2) [0m
  [4;36;1mTicket Update (15.0ms)[0m   [0;1mUPDATE "tickets" SET "phone" = '017334456', "updated_at" = '2009-07-24 13:16:18' WHERE "id" = 2[0m
Redirected to http://localhost:3000/tickets/2
Completed in 125ms (DB: 15) | 302 Found [http://localhost/tickets/2]


Processing TicketsController#show (for 127.0.0.1 at 2009-07-24 21:16:18) [GET]
  Parameters: {"id"=>"2"}
  [4;35;1mTicket Load (0.0ms)[0m   [0mSELECT * FROM "tickets" WHERE ("tickets"."id" = 2) [0m
Rendering template within layouts/tickets
Rendering tickets/show
Completed in 31ms (View: 15, DB: 0) | 200 OK [http://localhost/tickets/2]


Processing TicketsController#index (for 127.0.0.1 at 2009-07-24 21:16:21) [GET]
  [4;36;1mTicket Load (0.0ms)[0m   [0;1mSELECT * FROM "tickets" [0m
Rendering template within layouts/tickets
Rendering tickets/index
Completed in 63ms (View: 32, DB: 0) | 200 OK [http://localhost/tickets]


Processing TicketsController#new (for 127.0.0.1 at 2009-07-24 21:16:23) [GET]
Rendering template within layouts/tickets
Rendering tickets/new
Completed in 78ms (View: 47, DB: 0) | 200 OK [http://localhost/tickets/new]


Processing TicketsController#create (for 127.0.0.1 at 2009-07-24 21:17:23) [POST]
  Parameters: {"ticket"=>{"name"=>"Alia Maisara", "price"=>"300.11", "seat_id"=>"20", "phone"=>"03-9811743", "address"=>"Muar Johor", "email"=>"alia@aa.com"}, "commit"=>"Create", "authenticity_token"=>"bMvQEyHtNQaeZjzBpPHQdcdzSEecNlzBGOGAraUpKUQ="}
  [4;35;1mTicket Create (16.0ms)[0m   [0mINSERT INTO "tickets" ("name", "updated_at", "price", "seat_id", "phone", "address", "email", "created_at") VALUES('Alia Maisara', '2009-07-24 13:17:23', 300.11, '20', '03-9811743', 'Muar Johor', 'alia@aa.com', '2009-07-24 13:17:23')[0m
Redirected to http://localhost:3000/tickets/3
Completed in 204ms (DB: 16) | 302 Found [http://localhost/tickets]


Processing TicketsController#show (for 127.0.0.1 at 2009-07-24 21:17:23) [GET]
  Parameters: {"id"=>"3"}
  [4;36;1mTicket Load (0.0ms)[0m   [0;1mSELECT * FROM "tickets" WHERE ("tickets"."id" = 3) [0m
Rendering template within layouts/tickets
Rendering tickets/show
Completed in 16ms (View: 0, DB: 0) | 200 OK [http://localhost/tickets/3]


Processing TicketsController#index (for 127.0.0.1 at 2009-07-24 21:17:26) [GET]
  [4;35;1mTicket Load (16.0ms)[0m   [0mSELECT * FROM "tickets" [0m
Rendering template within layouts/tickets
Rendering tickets/index
Completed in 62ms (View: 31, DB: 16) | 200 OK [http://localhost/tickets]


Processing ApplicationController#index (for 127.0.0.1 at 2009-07-24 21:46:51) [GET]

ActionController::RoutingError (No route matches "/ads/3" with {:method=>:get}):
  C:/Ruby/lib/ruby/1.8/webrick/httpserver.rb:104:in `service'
  C:/Ruby/lib/ruby/1.8/webrick/httpserver.rb:65:in `run'
  C:/Ruby/lib/ruby/1.8/webrick/server.rb:173:in `start_thread'
  C:/Ruby/lib/ruby/1.8/webrick/server.rb:162:in `start'
  C:/Ruby/lib/ruby/1.8/webrick/server.rb:162:in `start_thread'
  C:/Ruby/lib/ruby/1.8/webrick/server.rb:95:in `start'
  C:/Ruby/lib/ruby/1.8/webrick/server.rb:92:in `each'
  C:/Ruby/lib/ruby/1.8/webrick/server.rb:92:in `start'
  C:/Ruby/lib/ruby/1.8/webrick/server.rb:23:in `start'
  C:/Ruby/lib/ruby/1.8/webrick/server.rb:82:in `start'

Rendering rescues/layout (not_found)
